(31-01-2026 16:28:24) [SERVICES.CONFIG/WARN] Framework configuration file 'nautica.config.json' was not found
(31-01-2026 16:28:24) [SERVICES.CONFIG/OK] Framework configuration file created
(31-01-2026 16:28:24) [SERVICES.CONFIG/INFO] Preloading configs...
(31-01-2026 16:28:24) [SERVICES.CONFIG/OK] Preloaded 0 config files
(31-01-2026 16:28:24) [SERVICES.SHELL/OK] Shell Service started
(31-01-2026 16:28:24) [CORE/OK] Core initialized
(31-01-2026 16:28:24) [SERVICES.SESSIONS/WARN] Session service is disabled
(31-01-2026 16:28:24) [SERVERS.HTTP/INFO] Running pre-processor...
(31-01-2026 16:28:24) [API.HTTP.ROUTER/DEBUG] Registered route for test, r.method='get', r.name_override=None
(31-01-2026 16:28:24) [SERVERS.HTTP/OK] Pre-processed 1 files, registered 1 routes, took 0.00s
(31-01-2026 16:28:24) [SERVERS.HTTP/INFO] Server is starting...
(31-01-2026 16:28:24) [SERVERS.HTTP/WARN] Running server in development mode
(31-01-2026 16:28:24) [SERVERS.WEBSOCKET/INFO] Running pre-processor...
(31-01-2026 16:28:24) [SERVERS.HTTP/OK] Listening on port 8100
(31-01-2026 16:28:24) [API.WS.ROUTER/DEBUG] Registered packet on route '/test' with ID 'hello' (func=<function on_hello at 0x000002B018AAA840>)
(31-01-2026 16:28:24) [SERVERS.WEBSOCKET/OK] Pre-processed 1 files, registered 1 routes and 1 packets, took 0.00s
(31-01-2026 16:28:24) [SERVERS.WEBSOCKET/INFO] Server is starting...
(31-01-2026 16:28:24) [SERVICES.DATABASE.MONGO/WARN] MongoDB service is disabled
(31-01-2026 16:28:30) [SERVICES.SHELL/SILENT] Running command: stop  
(31-01-2026 16:28:30) [EVENTER.BUILTINS/INFO] Shutdown requested (No reason provided)
(31-01-2026 16:28:30) [EVENTER.BUILTINS/INFO] Stopping services. Use 'stop --force' if it is stuck
(31-01-2026 16:28:30) [EVENTER.BUILTINS/OK] Shutdown complete
